<?xml version="1.0" encoding="UTF-8"?>
<!-- Generated by org.testng.reporters.JUnitReportReporter -->
<testsuite hostname="Vipans-MacBook-Air.local" name="com.qa.tests.NewCompanyTest" tests="3" failures="0" timestamp="2 Oct 2021 05:45:47 GMT" time="49.974" errors="0">
  <testcase name="createNewCompanyTest" time="16.830" classname="com.qa.tests.NewCompanyTest"/>
  <testcase name="createNewCompanyTest" time="16.671" classname="com.qa.tests.NewCompanyTest"/>
  <testcase name="createNewCompanyTest" time="16.473" classname="com.qa.tests.NewCompanyTest"/>
</testsuite> <!-- com.qa.tests.NewCompanyTest -->
