<?xml version="1.0" encoding="UTF-8"?>
<!-- Generated by org.testng.reporters.JUnitReportReporter -->
<testsuite hostname="Vipans-MacBook-Air.local" name="com.qa.tests.HomePageTest" tests="7" failures="0" timestamp="2 Oct 2021 05:45:47 GMT" time="91.031" errors="0">
  <testcase name="verifySetUpLinkTest" time="12.511" classname="com.qa.tests.HomePageTest"/>
  <testcase name="verifyHeaderTextDisplayedTest" time="12.823" classname="com.qa.tests.HomePageTest"/>
  <testcase name="verifyHelpLinkTest" time="13.121" classname="com.qa.tests.HomePageTest"/>
  <testcase name="verifyLeftSideContainerTest" time="13.078" classname="com.qa.tests.HomePageTest"/>
  <testcase name="verifyLogoutLinkTest" time="12.917" classname="com.qa.tests.HomePageTest"/>
  <testcase name="verifyNewEventSubMenuTest" time="13.022" classname="com.qa.tests.HomePageTest"/>
  <testcase name="verifyUserNameDisplayedTest" time="13.559" classname="com.qa.tests.HomePageTest"/>
</testsuite> <!-- com.qa.tests.HomePageTest -->
