<?xml version="1.0" encoding="UTF-8"?>
<!-- Generated by org.testng.reporters.JUnitReportReporter -->
<testsuite hostname="Vipans-MacBook-Air.local" name="com.qa.tests.LoginPageTest" tests="3" failures="0" timestamp="2 Oct 2021 05:13:26 GMT" time="31.458" errors="0">
  <testcase name="loginTest" time="13.533" classname="com.qa.tests.LoginPageTest"/>
  <testcase name="verifyLoginPageLogoTest" time="7.230" classname="com.qa.tests.LoginPageTest"/>
  <testcase name="verifyHeaderLinksTest" time="10.695" classname="com.qa.tests.LoginPageTest"/>
</testsuite> <!-- com.qa.tests.LoginPageTest -->
