<?xml version="1.0" encoding="UTF-8"?>
<!-- Generated by org.testng.reporters.JUnitReportReporter -->
<testsuite hostname="Vipans-MacBook-Air.local" name="com.qa.tests.NewCompanyTest" tests="3" failures="0" timestamp="2 Oct 2021 05:13:26 GMT" time="49.809" errors="0">
  <testcase name="createNewCompanyTest" time="17.329" classname="com.qa.tests.NewCompanyTest"/>
  <testcase name="createNewCompanyTest" time="17.140" classname="com.qa.tests.NewCompanyTest"/>
  <testcase name="createNewCompanyTest" time="15.340" classname="com.qa.tests.NewCompanyTest"/>
</testsuite> <!-- com.qa.tests.NewCompanyTest -->
